<?xml version="1.0" encoding="UTF-8"?>
<!-- Generated by org.testng.reporters.JUnitXMLReporter -->
<testsuite ignored="0" hostname="DESKTOP-R1FF5SH" failures="0" tests="4" name="Default test" time="0.072" errors="0" timestamp="2022-01-23T08:53:30 EST">
  <testcase classname="selenium.NewTest" name="Test1" time="0.014"/>
  <testcase classname="selenium.NewTest" name="Test2" time="0.001"/>
  <testcase classname="selenium.NewTest" name="abc" time="0.001"/>
  <testcase classname="selenium.NewTest" name="abc" time="0.001"/>
</testsuite> <!-- Default test -->
