<?xml version="1.0" encoding="UTF-8"?>
<!-- Generated by org.testng.reporters.JUnitXMLReporter -->
<testsuite ignored="6" hostname="DESKTOP-R1FF5SH" failures="0" tests="3" name="GRP-smoke" time="0.096" errors="0" timestamp="2022-01-23T09:03:35 EST">
  <testcase classname="selenium.NewTest" name="Test1" time="0.011"/>
  <testcase classname="selenium.NewTest2" name="Test4" time="0.002"/>
  <testcase classname="selenium.NewTest3" name="createuser" time="0.005"/>
  <testcase classname="selenium.NewTest3" name="edituser" time="0.0">
    <ignored/>
  </testcase> <!-- edituser -->
  <testcase classname="selenium.NewTest2" name="Test5" time="0.0">
    <ignored/>
  </testcase> <!-- Test5 -->
  <testcase classname="selenium.NewTest" name="abc" time="0.0">
    <ignored/>
  </testcase> <!-- abc -->
  <testcase classname="selenium.NewTest" name="Test2" time="0.0">
    <ignored/>
  </testcase> <!-- Test2 -->
  <testcase classname="selenium.NewTest3" name="deleteuser" time="0.0">
    <ignored/>
  </testcase> <!-- deleteuser -->
  <testcase classname="selenium.NewTest" name="Test3" time="0.0">
    <ignored/>
  </testcase> <!-- Test3 -->
</testsuite> <!-- GRP-smoke -->
