<?xml version="1.0" encoding="UTF-8"?>
<!-- Generated by org.testng.reporters.JUnitXMLReporter -->
<testsuite ignored="4" hostname="DESKTOP-R1FF5SH" failures="0" tests="2" name="GRP-sanity" time="0.064" errors="0" timestamp="2022-01-23T09:02:28 EST">
  <testcase classname="selenium.NewTest" name="Test1" time="0.01"/>
  <testcase classname="selenium.NewTest2" name="Test5" time="0.001"/>
  <testcase classname="selenium.NewTest2" name="Test4" time="0.0">
    <ignored/>
  </testcase> <!-- Test4 -->
  <testcase classname="selenium.NewTest" name="abc" time="0.0">
    <ignored/>
  </testcase> <!-- abc -->
  <testcase classname="selenium.NewTest" name="Test2" time="0.0">
    <ignored/>
  </testcase> <!-- Test2 -->
  <testcase classname="selenium.NewTest" name="Test3" time="0.0">
    <ignored/>
  </testcase> <!-- Test3 -->
</testsuite> <!-- GRP-sanity -->
